<?xml version="1.0" encoding="UTF-8"?>
<robot generator="Robot 7.3.2 (Python 3.13.7 on win32)" generated="2025-09-25T07:15:49.336061" rpa="false" schemaversion="5">
<suite id="s1" name="Test" source="C:\Users\camille\Documents\Russuel\QA-Automation\Tests\test.robot">
<test id="s1-t1" name="TEST-000001" line="14">
<kw name="Launch Browser">
<kw name="Open Browser" owner="SeleniumLibrary">
<msg time="2025-09-25T07:15:49.690478" level="INFO">Opening browser 'chrome' to base url 'https://marmelab.com/react-admin-demo'.</msg>
<arg>${url}</arg>
<arg>chrome</arg>
<arg>options=add_argument("--start-maximized")</arg>
<doc>Opens a new browser instance to the optional ``url``.</doc>
<status status="PASS" start="2025-09-25T07:15:49.689856" elapsed="2.576014"/>
</kw>
<kw name="Wait Until Keyword Succeeds" owner="BuiltIn">
<kw name="Wait Until Element Is Visible" owner="SeleniumLibrary">
<arg>${element_to_wait}</arg>
<doc>Waits until the element ``locator`` is visible.</doc>
<status status="PASS" start="2025-09-25T07:15:52.266423" elapsed="0.487135"/>
</kw>
<arg>5x</arg>
<arg>.5s</arg>
<arg>Wait Until Element is Visible</arg>
<arg>${element_to_wait}</arg>
<doc>Runs the specified keyword and retries if it fails.</doc>
<status status="PASS" start="2025-09-25T07:15:52.266127" elapsed="0.487613"/>
</kw>
<arg>${URL}</arg>
<arg>${login_txt_username}</arg>
<status status="PASS" start="2025-09-25T07:15:49.689099" elapsed="3.064773"/>
</kw>
<kw name="Login User">
<kw name="Input Text" owner="SeleniumLibrary">
<msg time="2025-09-25T07:15:52.755343" level="INFO">Typing text 'demo' into text field '//input[@name="username"]'.</msg>
<arg>${login_txt_username}</arg>
<arg>${username}</arg>
<doc>Types the given ``text`` into the text field identified by ``locator``.</doc>
<status status="PASS" start="2025-09-25T07:15:52.755099" elapsed="0.147344"/>
</kw>
<kw name="Input Text" owner="SeleniumLibrary">
<msg time="2025-09-25T07:15:52.902856" level="INFO">Typing text 'demo' into text field '//input[@name="password"]'.</msg>
<arg>${login_txt_password}</arg>
<arg>${password}</arg>
<doc>Types the given ``text`` into the text field identified by ``locator``.</doc>
<status status="PASS" start="2025-09-25T07:15:52.902619" elapsed="0.118231"/>
</kw>
<kw name="Click Button" owner="SeleniumLibrary">
<msg time="2025-09-25T07:15:53.021281" level="INFO">Clicking button '//button[@type="submit"]'.</msg>
<arg>${login_btn_submit}</arg>
<doc>Clicks the button identified by ``locator``.</doc>
<status status="PASS" start="2025-09-25T07:15:53.021051" elapsed="0.143539"/>
</kw>
<kw name="Run Keyword And Return Status" owner="BuiltIn">
<kw name="Wait Until Element Is Visible" owner="SeleniumLibrary">
<arg>${dashboard_hdr}</arg>
<doc>Waits until the element ``locator`` is visible.</doc>
<status status="PASS" start="2025-09-25T07:15:53.165142" elapsed="0.145324"/>
</kw>
<msg time="2025-09-25T07:15:53.310620" level="INFO">${status} = True</msg>
<var>${status}</var>
<arg>Wait Until Element Is Visible</arg>
<arg>${dashboard_hdr}</arg>
<doc>Runs the given keyword with given arguments and returns the status as a Boolean value.</doc>
<status status="PASS" start="2025-09-25T07:15:53.164834" elapsed="0.145816"/>
</kw>
<if>
<branch type="IF" condition="${status}">
<kw name="Log To Console" owner="BuiltIn">
<arg>Login Successful</arg>
<doc>Logs the given message to the console.</doc>
<status status="PASS" start="2025-09-25T07:15:53.310953" elapsed="0.000377"/>
</kw>
<status status="PASS" start="2025-09-25T07:15:53.310786" elapsed="0.000615"/>
</branch>
<branch type="ELSE">
<kw name="Log To Console" owner="BuiltIn">
<arg>Login Failed</arg>
<doc>Logs the given message to the console.</doc>
<status status="NOT RUN" start="2025-09-25T07:15:53.311662" elapsed="0.000032"/>
</kw>
<status status="NOT RUN" start="2025-09-25T07:15:53.311463" elapsed="0.000281"/>
</branch>
<status status="PASS" start="2025-09-25T07:15:53.310752" elapsed="0.001024"/>
</if>
<arg>${USERNAME}</arg>
<arg>${PASSWORD}</arg>
<status status="PASS" start="2025-09-25T07:15:52.754585" elapsed="0.557248"/>
</kw>
<kw name="Sleep" owner="BuiltIn">
<msg time="2025-09-25T07:16:03.312938" level="INFO">Slept 10 seconds.</msg>
<arg>10s</arg>
<doc>Pauses the test executed for the given time.</doc>
<status status="PASS" start="2025-09-25T07:15:53.312230" elapsed="10.001153"/>
</kw>
<doc>This is a sample test case.</doc>
<status status="PASS" start="2025-09-25T07:15:49.688461" elapsed="13.627780"/>
</test>
<test id="s1-t2" name="TEST-000002" line="20">
<kw name="Get Random Users" owner="CustomLibrary">
<msg time="2025-09-25T07:16:03.634373" level="INFO">C:\Users\camille\AppData\Local\Programs\Python\Python313\Lib\site-packages\urllib3\connectionpool.py:1097: InsecureRequestWarning: Unverified HTTPS request is being made to host 'jsonplaceholder.typicode.com'. Adding certificate verification is strongly advised. See: https://urllib3.readthedocs.io/en/latest/advanced-usage.html#tls-warnings
  warnings.warn(</msg>
<msg time="2025-09-25T07:16:03.635069" level="INFO">${users} = [{'id': 1, 'name': 'Leanne Graham', 'username': 'Bret', 'email': 'Sincere@april.biz', 'address': {'street': 'Kulas Light', 'suite': 'Apt. 556', 'city': 'Gwenborough', 'zipcode': '92998-3874', 'geo': {...</msg>
<var>${users}</var>
<status status="PASS" start="2025-09-25T07:16:03.321721" elapsed="0.313410"/>
</kw>
<for flavor="IN">
<iter>
<kw name="Go To Customers Page" owner="CustomerPage">
<kw name="Click Element" owner="SeleniumLibrary">
<msg time="2025-09-25T07:16:03.637671" level="INFO">Clicking element '(//p[text()="Customers"])[2]'.</msg>
<arg>${nav_btn_customer}</arg>
<doc>Click the element identified by ``locator``.</doc>
<status status="PASS" start="2025-09-25T07:16:03.637019" elapsed="0.109427"/>
</kw>
<kw name="Wait Until Element Is Visible" owner="SeleniumLibrary">
<arg>${table}</arg>
<doc>Waits until the element ``locator`` is visible.</doc>
<status status="PASS" start="2025-09-25T07:16:03.746716" elapsed="0.534673"/>
</kw>
<status status="PASS" start="2025-09-25T07:16:03.636345" elapsed="0.645248"/>
</kw>
<kw name="Create User" owner="CustomerPage">
<kw name="Click Element" owner="SeleniumLibrary">
<msg time="2025-09-25T07:16:04.282748" level="INFO">Clicking element '//a[@aria-label="Create"]'.</msg>
<arg>${customer_btn_create}</arg>
<doc>Click the element identified by ``locator``.</doc>
<status status="PASS" start="2025-09-25T07:16:04.282476" elapsed="0.087899"/>
</kw>
<kw name="Wait Until Element Is Visible" owner="SeleniumLibrary">
<arg>${customer_btn_save}</arg>
<doc>Waits until the element ``locator`` is visible.</doc>
<status status="PASS" start="2025-09-25T07:16:04.370607" elapsed="0.319384"/>
</kw>
<kw name="Input Text" owner="SeleniumLibrary">
<msg time="2025-09-25T07:16:04.693068" level="INFO">Typing text 'Leanne' into text field '//input[@name="first_name"]'.</msg>
<arg>${customer_txt_fname}</arg>
<arg>${user["name"].split(" ")[0]}</arg>
<doc>Types the given ``text`` into the text field identified by ``locator``.</doc>
<status status="PASS" start="2025-09-25T07:16:04.690576" elapsed="0.186466"/>
</kw>
<kw name="Input Text" owner="SeleniumLibrary">
<msg time="2025-09-25T07:16:04.879222" level="INFO">Typing text 'Graham' into text field '//input[@name="last_name"]'.</msg>
<arg>${customer_txt_lname}</arg>
<arg>${user["name"].split(" ")[1]}</arg>
<doc>Types the given ``text`` into the text field identified by ``locator``.</doc>
<status status="PASS" start="2025-09-25T07:16:04.877541" elapsed="0.160237"/>
</kw>
<kw name="Input Text" owner="SeleniumLibrary">
<msg time="2025-09-25T07:16:05.038970" level="INFO">Typing text 'Sincere@april.biz' into text field '//input[@name="email"]'.</msg>
<arg>${customer_txt_email}</arg>
<arg>${user["email"]}</arg>
<doc>Types the given ``text`` into the text field identified by ``locator``.</doc>
<status status="PASS" start="2025-09-25T07:16:05.038060" elapsed="0.246800"/>
</kw>
<kw name="Input Text" owner="SeleniumLibrary">
<msg time="2025-09-25T07:16:05.286550" level="INFO">Typing text '12252003' into text field '//input[@name="birthday"]'.</msg>
<arg>${customer_txt_birthday}</arg>
<arg>${user["birthday"]}</arg>
<doc>Types the given ``text`` into the text field identified by ``locator``.</doc>
<status status="PASS" start="2025-09-25T07:16:05.285262" elapsed="0.208323"/>
</kw>
<kw name="Input Text" owner="SeleniumLibrary">
<msg time="2025-09-25T07:16:05.496324" level="INFO">Typing text 'Kulas Light Apt. 556' into text field '//textarea[@name="address"]'.</msg>
<arg>${customer_txt_address}</arg>
<arg>${user["address"]["street"]} ${user["address"]["suite"]}</arg>
<doc>Types the given ``text`` into the text field identified by ``locator``.</doc>
<status status="PASS" start="2025-09-25T07:16:05.493934" elapsed="0.184184"/>
</kw>
<kw name="Input Text" owner="SeleniumLibrary">
<msg time="2025-09-25T07:16:05.679864" level="INFO">Typing text 'Gwenborough' into text field '//input[@name="city"]'.</msg>
<arg>${customer_txt_city}</arg>
<arg>${user["address"]["city"]}</arg>
<doc>Types the given ``text`` into the text field identified by ``locator``.</doc>
<status status="PASS" start="2025-09-25T07:16:05.678453" elapsed="0.170420"/>
</kw>
<kw name="Input Text" owner="SeleniumLibrary">
<msg time="2025-09-25T07:16:05.850001" level="INFO">Typing text 'KAG' into text field '//input[@name="stateAbbr"]'.</msg>
<arg>${customer_txt_stateAbbr}</arg>
<arg>${user["address"]["stateAbbr"]}</arg>
<doc>Types the given ``text`` into the text field identified by ``locator``.</doc>
<status status="PASS" start="2025-09-25T07:16:05.849116" elapsed="0.175173"/>
</kw>
<kw name="Input Text" owner="SeleniumLibrary">
<msg time="2025-09-25T07:16:06.025917" level="INFO">Typing text '92998-3874' into text field '//input[@name="zipcode"]'.</msg>
<arg>${customer_txt_zipcode}</arg>
<arg>${user["address"]["zipcode"]}</arg>
<doc>Types the given ``text`` into the text field identified by ``locator``.</doc>
<status status="PASS" start="2025-09-25T07:16:06.024630" elapsed="0.177353"/>
</kw>
<kw name="Input Text" owner="SeleniumLibrary">
<msg time="2025-09-25T07:16:06.203709" level="INFO">Typing text 'Utl3AlY6' into text field '//input[@name="password"]'.</msg>
<arg>${customer_txt_password}</arg>
<arg>${user["password"]}</arg>
<doc>Types the given ``text`` into the text field identified by ``locator``.</doc>
<status status="PASS" start="2025-09-25T07:16:06.202308" elapsed="0.186861"/>
</kw>
<kw name="Input Text" owner="SeleniumLibrary">
<msg time="2025-09-25T07:16:06.390835" level="INFO">Typing text 'Utl3AlY6' into text field '//input[@name="confirm_password"]'.</msg>
<arg>${customer_txt_confirm_password}</arg>
<arg>${user["password"]}</arg>
<doc>Types the given ``text`` into the text field identified by ``locator``.</doc>
<status status="PASS" start="2025-09-25T07:16:06.389517" elapsed="0.140233"/>
</kw>
<kw name="Click Element" owner="SeleniumLibrary">
<msg time="2025-09-25T07:16:06.530487" level="INFO">Clicking element '//button[@aria-label="Save"]'.</msg>
<arg>${customer_btn_save}</arg>
<doc>Click the element identified by ``locator``.</doc>
<status status="PASS" start="2025-09-25T07:16:06.530042" elapsed="0.125639"/>
</kw>
<kw name="Wait Until Page Contains" owner="SeleniumLibrary">
<arg>Customer created</arg>
<doc>Waits until ``text`` appears on the current page.</doc>
<status status="PASS" start="2025-09-25T07:16:06.655934" elapsed="0.476448"/>
</kw>
<arg>${user}</arg>
<status status="PASS" start="2025-09-25T07:16:04.282053" elapsed="2.850533"/>
</kw>
<kw name="Verify Customer Data" owner="CustomerPage">
<kw name="Wait Until Page Contains" owner="SeleniumLibrary">
<arg>History</arg>
<doc>Waits until ``text`` appears on the current page.</doc>
<status status="PASS" start="2025-09-25T07:16:07.133644" elapsed="0.012708"/>
</kw>
<kw name="Get Element Attribute" owner="SeleniumLibrary">
<msg time="2025-09-25T07:16:07.165029" level="INFO">${first_name} = Leanne</msg>
<var>${first_name}</var>
<arg>${customer_txt_fname}</arg>
<arg>value</arg>
<doc>Returns the value of ``attribute`` from the element ``locator``.</doc>
<status status="PASS" start="2025-09-25T07:16:07.146581" elapsed="0.018539"/>
</kw>
<kw name="Get Element Attribute" owner="SeleniumLibrary">
<msg time="2025-09-25T07:16:07.182207" level="INFO">${last_name} = Graham</msg>
<var>${last_name}</var>
<arg>${customer_txt_lname}</arg>
<arg>value</arg>
<doc>Returns the value of ``attribute`` from the element ``locator``.</doc>
<status status="PASS" start="2025-09-25T07:16:07.165493" elapsed="0.016764"/>
</kw>
<kw name="Get Element Attribute" owner="SeleniumLibrary">
<msg time="2025-09-25T07:16:07.202077" level="INFO">${customer_email} = Sincere@april.biz</msg>
<var>${customer_email}</var>
<arg>${customer_txt_email}</arg>
<arg>value</arg>
<doc>Returns the value of ``attribute`` from the element ``locator``.</doc>
<status status="PASS" start="2025-09-25T07:16:07.182625" elapsed="0.019574"/>
</kw>
<kw name="Get Element Attribute" owner="SeleniumLibrary">
<msg time="2025-09-25T07:16:07.220123" level="INFO">${birthday} = 52003-02-12</msg>
<var>${birthday}</var>
<arg>${customer_txt_birthday}</arg>
<arg>value</arg>
<doc>Returns the value of ``attribute`` from the element ``locator``.</doc>
<status status="PASS" start="2025-09-25T07:16:07.202532" elapsed="0.017678"/>
</kw>
<kw name="Get Element Attribute" owner="SeleniumLibrary">
<msg time="2025-09-25T07:16:07.246696" level="INFO">${customer_address} = Kulas Light Apt. 556</msg>
<var>${customer_address}</var>
<arg>${customer_txt_address}</arg>
<arg>value</arg>
<doc>Returns the value of ``attribute`` from the element ``locator``.</doc>
<status status="PASS" start="2025-09-25T07:16:07.220500" elapsed="0.026318"/>
</kw>
<kw name="Get Element Attribute" owner="SeleniumLibrary">
<msg time="2025-09-25T07:16:07.263441" level="INFO">${customer_city} = Gwenborough</msg>
<var>${customer_city}</var>
<arg>${customer_txt_city}</arg>
<arg>value</arg>
<doc>Returns the value of ``attribute`` from the element ``locator``.</doc>
<status status="PASS" start="2025-09-25T07:16:07.247219" elapsed="0.016340"/>
</kw>
<kw name="Get Element Attribute" owner="SeleniumLibrary">
<msg time="2025-09-25T07:16:07.281790" level="INFO">${customer_state} = KAG</msg>
<var>${customer_state}</var>
<arg>${customer_txt_stateAbbr}</arg>
<arg>value</arg>
<doc>Returns the value of ``attribute`` from the element ``locator``.</doc>
<status status="PASS" start="2025-09-25T07:16:07.263866" elapsed="0.018028"/>
</kw>
<kw name="Get Element Attribute" owner="SeleniumLibrary">
<msg time="2025-09-25T07:16:07.300890" level="INFO">${customer_zipcode} = 92998-3874</msg>
<var>${customer_zipcode}</var>
<arg>${customer_txt_zipcode}</arg>
<arg>value</arg>
<doc>Returns the value of ``attribute`` from the element ``locator``.</doc>
<status status="PASS" start="2025-09-25T07:16:07.282301" elapsed="0.018636"/>
</kw>
<kw name="Format Date" owner="CustomLibrary">
<msg time="2025-09-25T07:16:07.302427" level="INFO">${formatted_date} = 2003-25-12</msg>
<var>${formatted_date}</var>
<arg>${user["birthday"]}</arg>
<status status="PASS" start="2025-09-25T07:16:07.301198" elapsed="0.001290"/>
</kw>
<kw name="Should Be Equal As Strings" owner="BuiltIn">
<arg>${user["name"].split(" ")[0]}</arg>
<arg>${first_name}</arg>
<doc>Fails if objects are unequal after converting them to strings.</doc>
<status status="PASS" start="2025-09-25T07:16:07.302717" elapsed="0.001496"/>
</kw>
<kw name="Should Be Equal As Strings" owner="BuiltIn">
<arg>${user["name"].split(" ")[1]}</arg>
<arg>${last_name}</arg>
<doc>Fails if objects are unequal after converting them to strings.</doc>
<status status="PASS" start="2025-09-25T07:16:07.304406" elapsed="0.001572"/>
</kw>
<kw name="Should Be Equal As Strings" owner="BuiltIn">
<arg>${user["email"]}</arg>
<arg>${customer_email}</arg>
<doc>Fails if objects are unequal after converting them to strings.</doc>
<status status="PASS" start="2025-09-25T07:16:07.306295" elapsed="0.001960"/>
</kw>
<kw name="Should Be Equal As Strings" owner="BuiltIn">
<arg>${user["address"]["street"]} ${user["address"]["suite"]}</arg>
<arg>${customer_address}</arg>
<doc>Fails if objects are unequal after converting them to strings.</doc>
<status status="PASS" start="2025-09-25T07:16:07.308697" elapsed="0.002626"/>
</kw>
<kw name="Should Be Equal As Strings" owner="BuiltIn">
<arg>${user["address"]["city"]}</arg>
<arg>${customer_city}</arg>
<doc>Fails if objects are unequal after converting them to strings.</doc>
<status status="PASS" start="2025-09-25T07:16:07.311898" elapsed="0.001334"/>
</kw>
<kw name="Should Be Equal As Strings" owner="BuiltIn">
<arg>${user["address"]["stateAbbr"]}</arg>
<arg>${customer_state}</arg>
<doc>Fails if objects are unequal after converting them to strings.</doc>
<status status="PASS" start="2025-09-25T07:16:07.313610" elapsed="0.001723"/>
</kw>
<kw name="Should Be Equal As Strings" owner="BuiltIn">
<arg>${user["address"]["zipcode"]}</arg>
<arg>${customer_zipcode}</arg>
<doc>Fails if objects are unequal after converting them to strings.</doc>
<status status="PASS" start="2025-09-25T07:16:07.315671" elapsed="0.001774"/>
</kw>
<kw name="Should Be Equal As Strings" owner="BuiltIn">
<msg time="2025-09-25T07:16:07.318553" level="FAIL">2003-25-12 != 52003-02-12</msg>
<arg>${formatted_date}</arg>
<arg>${birthday}</arg>
<doc>Fails if objects are unequal after converting them to strings.</doc>
<status status="FAIL" start="2025-09-25T07:16:07.317805" elapsed="0.001112">2003-25-12 != 52003-02-12</status>
</kw>
<kw name="Log To Console" owner="BuiltIn">
<arg>Formatted Date: ${formatted_date} | Fetched Date: ${birthday}</arg>
<doc>Logs the given message to the console.</doc>
<status status="NOT RUN" start="2025-09-25T07:16:07.319342" elapsed="0.000118"/>
</kw>
<arg>${user}</arg>
<status status="FAIL" start="2025-09-25T07:16:07.133026" elapsed="0.186776">2003-25-12 != 52003-02-12</status>
</kw>
<var name="${user}">{'id': 1, 'name': 'Leanne Graham', 'username': 'Bret', 'email': 'Sincere@april.biz', 'address': {'street': 'Kulas Light', 'suite': 'Apt. 556', 'city': 'Gwenborough', 'zipcode': '92998-3874', 'geo': {'...</var>
<status status="FAIL" start="2025-09-25T07:16:03.636035" elapsed="3.683953">2003-25-12 != 52003-02-12</status>
</iter>
<var>${user}</var>
<value>@{users}[:5]</value>
<status status="FAIL" start="2025-09-25T07:16:03.635567" elapsed="3.684645">2003-25-12 != 52003-02-12</status>
</for>
<status status="FAIL" start="2025-09-25T07:16:03.320166" elapsed="4.000839">2003-25-12 != 52003-02-12</status>
</test>
<status status="FAIL" start="2025-09-25T07:15:49.338012" elapsed="17.983976"/>
</suite>
<statistics>
<total>
<stat pass="1" fail="1" skip="0">All Tests</stat>
</total>
<tag>
</tag>
<suite>
<stat name="Test" id="s1" pass="1" fail="1" skip="0">Test</stat>
</suite>
</statistics>
<errors>
</errors>
</robot>
